<?xml version="1.0" encoding="UTF-8"?>
<testsuite xmlns:xsi="http://www.w3.org/2001/XMLSchema-instance" xsi:noNamespaceSchemaLocation="https://maven.apache.org/surefire/maven-surefire-plugin/xsd/surefire-test-report.xsd" name="TestSuite" time="17.677" tests="4" errors="0" skipped="3" failures="1">
  <properties>
[...]
</properties>
  <testcase name="setupTestClass" classname="tests.KariyerVisualTest" time="16.948">
    <failure message="unable to set cookie&#10;  (Session info: chrome=80.0.3987.149)&#10;Build info: version: &apos;4.0.0-alpha-4&apos;, revision: &apos;c2d955b49e&apos;&#10;System info: host: &apos;DESKTOP-073EAR3&apos;, ip: &apos;192.168.1.125&apos;, os.name: &apos;Windows 10&apos;, os.arch: &apos;amd64&apos;, os.version: &apos;10.0&apos;, java.version: &apos;11.0.1&apos;&#10;Driver info: org.openqa.selenium.chrome.ChromeDriver&#10;Capabilities {acceptInsecureCerts: false, browserName: chrome, browserVersion: 80.0.3987.149, chrome: {chromedriverVersion: 80.0.3987.106 (f68069574609..., userDataDir: C:\Users\TUNGUY~1\AppData\L...}, goog:chromeOptions: {debuggerAddress: localhost:60827}, javascriptEnabled: true, networkConnectionEnabled: false, pageLoadStrategy: normal, platform: WINDOWS, platformName: WINDOWS, proxy: Proxy(), setWindowRect: true, strictFileInteractability: false, timeouts: {implicit: 0, pageLoad: 300000, script: 30000}, unhandledPromptBehavior: dismiss and notify}&#10;Session ID: 7a985c65f7c39600141f2c2bdfb473a8" type="org.openqa.selenium.UnableToSetCookieException">org.openqa.selenium.UnableToSetCookieException: 
unable to set cookie
  (Session info: chrome=80.0.3987.149)
Build info: version: '4.0.0-alpha-4', revision: 'c2d955b49e'
System info: host: 'DESKTOP-073EAR3', ip: '192.168.1.125', os.name: 'Windows 10', os.arch: 'amd64', os.version: '10.0', java.version: '11.0.1'
Driver info: org.openqa.selenium.chrome.ChromeDriver
Capabilities {acceptInsecureCerts: false, browserName: chrome, browserVersion: 80.0.3987.149, chrome: {chromedriverVersion: 80.0.3987.106 (f68069574609..., userDataDir: C:\Users\TUNGUY~1\AppData\L...}, goog:chromeOptions: {debuggerAddress: localhost:60827}, javascriptEnabled: true, networkConnectionEnabled: false, pageLoadStrategy: normal, platform: WINDOWS, platformName: WINDOWS, proxy: Proxy(), setWindowRect: true, strictFileInteractability: false, timeouts: {implicit: 0, pageLoad: 300000, script: 30000}, unhandledPromptBehavior: dismiss and notify}
Session ID: 7a985c65f7c39600141f2c2bdfb473a8
</failure>
    <system-out><![CDATA[Directory already exists E:\SeleniumPractice\Differences\
Directory already exists E:\SeleniumPractice\MagickScreenshots\
]]></system-out>
    <system-err><![CDATA[SLF4J: Failed to load class "org.slf4j.impl.StaticLoggerBinder".
SLF4J: Defaulting to no-operation (NOP) logger implementation
SLF4J: See http://www.slf4j.org/codes.html#StaticLoggerBinder for further details.
Starting ChromeDriver 80.0.3987.106 (f68069574609230cf9b635cd784cfb1bf81bb53a-refs/branch-heads/3987@{#882}) on port 25297
Only local connections are allowed.
Please protect ports used by ChromeDriver and related test frameworks to prevent access by malicious code.
[1584648453.387][WARNING]: Timed out connecting to Chrome, retrying...
Mar 19, 2020 4:07:35 PM org.openqa.selenium.remote.ProtocolHandshake createSession
INFO: Detected dialect: W3C
[1584648457.748][WARNING]: Timed out connecting to Chrome, retrying...
[1584648461.041][SEVERE]: Timed out receiving message from renderer: 0.100
[1584648461.447][SEVERE]: Timed out receiving message from renderer: 0.100
[1584648461.566][SEVERE]: Timed out receiving message from renderer: 0.100
]]></system-err>
  </testcase>
  <testcase name="setUpTestMethod" classname="tests.KariyerVisualTest" time="0">
    <skipped/>
  </testcase>
  <testcase name="kariyerUzmanCssTest" classname="tests.KariyerVisualTest" time="0">
    <skipped message="unable to set cookie&#10;  (Session info: chrome=80.0.3987.149)&#10;Build info: version: &apos;4.0.0-alpha-4&apos;, revision: &apos;c2d955b49e&apos;&#10;System info: host: &apos;DESKTOP-073EAR3&apos;, ip: &apos;192.168.1.125&apos;, os.name: &apos;Windows 10&apos;, os.arch: &apos;amd64&apos;, os.version: &apos;10.0&apos;, java.version: &apos;11.0.1&apos;&#10;Driver info: org.openqa.selenium.chrome.ChromeDriver&#10;Capabilities {acceptInsecureCerts: false, browserName: chrome, browserVersion: 80.0.3987.149, chrome: {chromedriverVersion: 80.0.3987.106 (f68069574609..., userDataDir: C:\Users\TUNGUY~1\AppData\L...}, goog:chromeOptions: {debuggerAddress: localhost:60827}, javascriptEnabled: true, networkConnectionEnabled: false, pageLoadStrategy: normal, platform: WINDOWS, platformName: WINDOWS, proxy: Proxy(), setWindowRect: true, strictFileInteractability: false, timeouts: {implicit: 0, pageLoad: 300000, script: 30000}, unhandledPromptBehavior: dismiss and notify}&#10;Session ID: 7a985c65f7c39600141f2c2bdfb473a8"/>
  </testcase>
  <testcase name="quitDriver" classname="tests.KariyerVisualTest" time="0">
    <skipped/>
  </testcase>
</testsuite>